<?xml version="1.0" encoding="UTF-8"?>
<coverage generated="0">
  <project timestamp="0">
    <file name="Hotspot.php">
      <line num="4" type="method" name="hotspot" count="0"/>
      <line num="6" type="stmt" count="0"/>
      <line num="7" type="stmt" count="0"/>
      <line num="8" type="stmt" count="0"/>
      <line num="9" type="stmt" count="0"/>
      <line num="10" type="stmt" count="0"/>
      <line num="11" type="stmt" count="0"/>
      <line num="12" type="stmt" count="0"/>
      <line num="13" type="stmt" count="0"/>
    </file>
  </project>
</coverage>
