{
  "src/hot.ts": {
    "path": "src/hot.ts",
    "statementMap": {
      "0": { "start": { "line": 2, "column": 2 }, "end": { "line": 2, "column": 26 } },
      "1": { "start": { "line": 3, "column": 2 }, "end": { "line": 3, "column": 25 } },
      "2": { "start": { "line": 4, "column": 2 }, "end": { "line": 4, "column": 25 } },
      "3": { "start": { "line": 5, "column": 2 }, "end": { "line": 5, "column": 25 } },
      "4": { "start": { "line": 6, "column": 2 }, "end": { "line": 6, "column": 25 } },
      "5": { "start": { "line": 7, "column": 2 }, "end": { "line": 7, "column": 25 } },
      "6": { "start": { "line": 8, "column": 2 }, "end": { "line": 8, "column": 25 } },
      "7": { "start": { "line": 9, "column": 2 }, "end": { "line": 9, "column": 25 } },
      "8": { "start": { "line": 10, "column": 2 }, "end": { "line": 10, "column": 25 } },
      "9": { "start": { "line": 11, "column": 2 }, "end": { "line": 11, "column": 12 } }
    },
    "s": {
      "0": 1,
      "1": 1,
      "2": 1,
      "3": 1,
      "4": 1,
      "5": 1,
      "6": 1,
      "7": 1,
      "8": 1,
      "9": 1
    },
    "fnMap": {
      "0": {
        "name": "hotPath",
        "decl": { "start": { "line": 1, "column": 15 }, "end": { "line": 1, "column": 22 } },
        "loc": { "start": { "line": 1, "column": 0 }, "end": { "line": 12, "column": 1 } }
      }
    },
    "f": {
      "0": 1
    }
  }
}
